15:15:27.964 [main] INFO  resources.base - User has clicked on the Domain link from the left navigation menu
15:15:48.109 [main] ERROR resources.base - Manage Domains heading is not present on Domain Page
15:15:48.109 [main] ERROR resources.base - no such element: Unable to locate element: {"method":"xpath","selector":"//span[text()='Manage Domains']"}
  (Session info: chrome=71.0.3578.98)
  (Driver info: chromedriver=2.36.540470 (e522d04694c7ebea4ba8821272dbef4f9b818c91),platform=Windows NT 10.0.17134 x86_64) (WARNING: The server did not provide any stacktrace information)
Command duration or timeout: 0 milliseconds
For documentation on this error, please visit: http://seleniumhq.org/exceptions/no_such_element.html
Build info: version: '3.8.1', revision: '6e95a6684b', time: '2017-12-01T18:33:54.468Z'
System info: host: 'DESKTOP-B75F35K', ip: '192.168.14.216', os.name: 'Windows 10', os.arch: 'amd64', os.version: '10.0', java.version: '1.8.0_171'
Driver info: org.openqa.selenium.chrome.ChromeDriver
Capabilities {acceptInsecureCerts: false, acceptSslCerts: false, applicationCacheEnabled: false, browserConnectionEnabled: false, browserName: chrome, chrome: {chromedriverVersion: 2.36.540470 (e522d04694c7eb..., userDataDir: C:\Users\bilaw\AppData\Loca...}, cssSelectorsEnabled: true, databaseEnabled: false, handlesAlerts: true, hasTouchScreen: false, javascriptEnabled: true, locationContextEnabled: true, mobileEmulationEnabled: false, nativeEvents: true, networkConnectionEnabled: false, pageLoadStrategy: normal, platform: XP, platformName: XP, rotatable: false, setWindowRect: true, takesHeapSnapshot: true, takesScreenshot: true, unexpectedAlertBehaviour: , unhandledPromptBehavior: , version: 71.0.3578.98, webStorageEnabled: true}
Session ID: 31f88991dba3591d9e24d57cb9182725
*** Element info: {Using=xpath, value=//span[text()='Manage Domains']}
15:15:50.498 [main] INFO  resources.base - User has clicked on the Account menu from the Shop Page
15:16:13.383 [main] INFO  resources.base - User has clicked on the Address of Use Link from the Account Menu
15:16:33.558 [main] ERROR resources.base - Address of Use heading is present on the Address Page
15:16:33.558 [main] ERROR resources.base - no such element: Unable to locate element: {"method":"xpath","selector":"//span[text()='Address of Use']"}
  (Session info: chrome=71.0.3578.98)
  (Driver info: chromedriver=2.36.540470 (e522d04694c7ebea4ba8821272dbef4f9b818c91),platform=Windows NT 10.0.17134 x86_64) (WARNING: The server did not provide any stacktrace information)
Command duration or timeout: 0 milliseconds
For documentation on this error, please visit: http://seleniumhq.org/exceptions/no_such_element.html
Build info: version: '3.8.1', revision: '6e95a6684b', time: '2017-12-01T18:33:54.468Z'
System info: host: 'DESKTOP-B75F35K', ip: '192.168.14.216', os.name: 'Windows 10', os.arch: 'amd64', os.version: '10.0', java.version: '1.8.0_171'
Driver info: org.openqa.selenium.chrome.ChromeDriver
Capabilities {acceptInsecureCerts: false, acceptSslCerts: false, applicationCacheEnabled: false, browserConnectionEnabled: false, browserName: chrome, chrome: {chromedriverVersion: 2.36.540470 (e522d04694c7eb..., userDataDir: C:\Users\bilaw\AppData\Loca...}, cssSelectorsEnabled: true, databaseEnabled: false, handlesAlerts: true, hasTouchScreen: false, javascriptEnabled: true, locationContextEnabled: true, mobileEmulationEnabled: false, nativeEvents: true, networkConnectionEnabled: false, pageLoadStrategy: normal, platform: XP, platformName: XP, rotatable: false, setWindowRect: true, takesHeapSnapshot: true, takesScreenshot: true, unexpectedAlertBehaviour: , unhandledPromptBehavior: , version: 71.0.3578.98, webStorageEnabled: true}
Session ID: 31f88991dba3591d9e24d57cb9182725
*** Element info: {Using=xpath, value=//span[text()='Address of Use']}
15:16:35.935 [main] INFO  resources.base - User has clicked on the Account menu from the Shop Page
15:17:00.198 [main] INFO  resources.base - User has clicked on the users Link from the Account Menu
15:17:05.406 [main] INFO  resources.base - Tabs are appearing on the Users Page
15:17:07.539 [main] INFO  resources.base - User has clicked on the request tab on the users page
15:17:07.616 [main] INFO  resources.base - After clicking on request tab, the request tab becomes active
15:17:09.785 [main] INFO  resources.base - User has clicked on the Invites tab on the users page
15:17:09.893 [main] INFO  resources.base - After clicking on Invites tab, the Invites tab becomes active
15:17:12.045 [main] INFO  resources.base - User has clicked on the Account menu from the Shop Page
15:17:15.323 [main] INFO  resources.base - User has clicked on the Logout Page from the Account Menu
15:17:15.812 [main] INFO  resources.base - User has clicked on the Forget Password Link from the Login Page
15:17:20.942 [main] INFO  resources.base - Email textbox is present on the Forget password page
15:17:24.655 [main] INFO  resources.base - User has clicked on the submit button on the forget password Page
15:17:24.736 [main] INFO  resources.base - Once the User click on Submit button then the validation message is appearing
15:17:41.544 [main] INFO  resources.base - User Clicked on Create Account Link from the Login Page
15:17:41.580 [main] INFO  resources.base - Signup Page is opended and its title is being captured
15:17:41.636 [main] INFO  resources.base - Email Text Box is present on the Signup Page
15:17:41.735 [main] INFO  resources.base - Verify button is present on the Signup Page and user has clicked on it
15:17:41.756 [main] INFO  resources.base - Once the User pressed the Verify button , Validation message is appearing on the Signup Page
15:19:24.917 [main] INFO  resources.base - User has provided credentials to the login screen of the management portal
15:19:30.011 [main] INFO  resources.base - Customer tab is present on the home page
15:19:30.077 [main] INFO  resources.base - Catalog tab is present on the home page
15:19:30.111 [main] INFO  resources.base - Fulfillment tab is present on the home page
15:19:30.175 [main] INFO  resources.base - Reports tab is present on the home page
15:19:30.283 [main] INFO  resources.base - Users tab is present on the home page
15:19:30.391 [main] INFO  resources.base - User clicking on Account Menu on the Home Page
15:19:30.429 [main] INFO  resources.base - Logout appear while hovering on the account menu
15:21:08.049 [main] INFO  resources.base - User clicks on the User tab on the home page
15:21:08.104 [main] INFO  resources.base - The title of the home page is captured
15:21:08.104 [main] INFO  resources.base - The title of the Users page is Verified Successfully
15:21:29.175 [main] INFO  resources.base - User clicks on the Roles tab on the User's page
15:21:46.638 [main] INFO  resources.base - User clicks on the Add new Roles Button on the Role's page
15:21:47.738 [main] INFO  resources.base - User clicks on the Roles tab to nevigate back to the Role's Page
15:21:54.101 [main] INFO  resources.base - User clicks on the Edit button on the Role's Page
